[INFO] [2018-04-04 13:38:25][org.springframework.web.context.ContextLoader]Root WebApplicationContext: initialization started
    [INFO] [2018-04-04 13:38:25][org.springframework.web.context.support.XmlWebApplicationContext]Refreshing Root WebApplicationContext: startup date [Wed Apr 04 13:38:25 CST 2018]; root of context hierarchy
    [INFO] [2018-04-04 13:38:25][org.springframework.beans.factory.xml.XmlBeanDefinitionReader]Loading XML bean definitions from file [D:\Workspaces\JKGLPTWorkspace\JKGLPT-parent\JKGLPT-controller\target\classes\spring\applicationContext-dao.xml]
    [INFO] [2018-04-04 13:38:25][org.springframework.beans.factory.xml.XmlBeanDefinitionReader]Loading XML bean definitions from file [D:\Workspaces\JKGLPTWorkspace\JKGLPT-parent\JKGLPT-controller\target\classes\spring\applicationContext-mybatis.xml]
    [INFO] [2018-04-04 13:38:25][org.springframework.beans.factory.xml.XmlBeanDefinitionReader]Loading XML bean definitions from file [D:\Workspaces\JKGLPTWorkspace\JKGLPT-parent\JKGLPT-controller\target\classes\spring\applicationContext-tx.xml]
    [INFO] [2018-04-04 13:38:25][org.springframework.beans.factory.xml.XmlBeanDefinitionReader]Loading XML bean definitions from file [D:\Workspaces\JKGLPTWorkspace\JKGLPT-parent\JKGLPT-controller\target\classes\spring\applicationContext.xml]
    [INFO] [2018-04-04 13:38:25][org.springframework.beans.factory.config.PropertyPlaceholderConfigurer]Loading properties file from class path resource [jdbc.properties]
    [INFO] [2018-04-04 13:38:25][org.springframework.beans.factory.annotation.AutowiredAnnotationBeanPostProcessor]JSR-330 'javax.inject.Inject' annotation found and supported for autowiring
    [INFO] [2018-04-04 13:38:26][org.springframework.web.context.ContextLoader]Root WebApplicationContext: initialization completed in 1461 ms
    [INFO] [2018-04-04 13:38:26][org.springframework.web.servlet.DispatcherServlet]FrameworkServlet 'SpringMVC': initialization started
    [INFO] [2018-04-04 13:38:26][org.springframework.web.context.support.XmlWebApplicationContext]Refreshing WebApplicationContext for namespace 'SpringMVC-servlet': startup date [Wed Apr 04 13:38:26 CST 2018]; parent: Root WebApplicationContext
    [INFO] [2018-04-04 13:38:26][org.springframework.beans.factory.xml.XmlBeanDefinitionReader]Loading XML bean definitions from class path resource [springmvc/spring-mvc.xml]
    [INFO] [2018-04-04 13:38:26][org.springframework.beans.factory.annotation.AutowiredAnnotationBeanPostProcessor]JSR-330 'javax.inject.Inject' annotation found and supported for autowiring
    [INFO] [2018-04-04 13:38:26][org.springframework.web.servlet.mvc.method.annotation.RequestMappingHandlerMapping]Mapped "{[/page/{pageName}],methods=[GET],params=[],headers=[],consumes=[],produces=[],custom=[]}" onto public java.lang.String com.B509.JKGLPT.controller.PageController.toPage(java.lang.String)
    [INFO] [2018-04-04 13:38:26][org.springframework.web.servlet.mvc.method.annotation.RequestMappingHandlerMapping]Mapped "{[/user],methods=[POST],params=[],headers=[],consumes=[],produces=[],custom=[]}" onto public java.lang.String com.B509.JKGLPT.controller.UserController.register(com.B509.JKGLPT.pojo.User)
    [INFO] [2018-04-04 13:38:26][org.springframework.web.servlet.mvc.method.annotation.RequestMappingHandlerMapping]Mapped "{[/user],methods=[PUT],params=[],headers=[],consumes=[],produces=[],custom=[]}" onto public java.lang.String com.B509.JKGLPT.controller.UserController.update(com.B509.JKGLPT.pojo.User,javax.servlet.http.HttpSession)
    [INFO] [2018-04-04 13:38:26][org.springframework.web.servlet.mvc.method.annotation.RequestMappingHandlerMapping]Mapped "{[/user],methods=[GET],params=[],headers=[],consumes=[],produces=[],custom=[]}" onto public java.lang.String com.B509.JKGLPT.controller.UserController.login(com.B509.JKGLPT.pojo.User,javax.servlet.http.HttpSession,org.springframework.ui.Model)
    [INFO] [2018-04-04 13:38:27][org.springframework.web.servlet.handler.SimpleUrlHandlerMapping]Mapped URL path [/**] onto handler 'org.springframework.web.servlet.resource.DefaultServletHttpRequestHandler#0'
    [INFO] [2018-04-04 13:38:27][org.springframework.web.servlet.DispatcherServlet]FrameworkServlet 'SpringMVC': initialization completed in 415 ms
    [INFO] [2018-04-11 18:16:48][org.springframework.web.context.ContextLoader]Root WebApplicationContext: initialization started
    [INFO] [2018-04-11 18:16:48][org.springframework.web.context.support.XmlWebApplicationContext]Refreshing Root WebApplicationContext: startup date [Wed Apr 11 18:16:48 CST 2018]; root of context hierarchy
    [INFO] [2018-04-11 18:16:48][org.springframework.beans.factory.xml.XmlBeanDefinitionReader]Loading XML bean definitions from file [D:\Workspaces\JKGLPTWorkspace\JKGLPT-parent\JKGLPT-controller\target\classes\spring\applicationContext-dao.xml]
    [INFO] [2018-04-11 18:16:48][org.springframework.beans.factory.xml.XmlBeanDefinitionReader]Loading XML bean definitions from file [D:\Workspaces\JKGLPTWorkspace\JKGLPT-parent\JKGLPT-controller\target\classes\spring\applicationContext-mybatis.xml]
    [INFO] [2018-04-11 18:16:48][org.springframework.beans.factory.xml.XmlBeanDefinitionReader]Loading XML bean definitions from file [D:\Workspaces\JKGLPTWorkspace\JKGLPT-parent\JKGLPT-controller\target\classes\spring\applicationContext-tx.xml]
    [INFO] [2018-04-11 18:16:49][org.springframework.beans.factory.xml.XmlBeanDefinitionReader]Loading XML bean definitions from file [D:\Workspaces\JKGLPTWorkspace\JKGLPT-parent\JKGLPT-controller\target\classes\spring\applicationContext.xml]
    [INFO] [2018-04-11 18:16:49][org.springframework.beans.factory.config.PropertyPlaceholderConfigurer]Loading properties file from class path resource [jdbc.properties]
    [INFO] [2018-04-11 18:16:49][org.springframework.beans.factory.annotation.AutowiredAnnotationBeanPostProcessor]JSR-330 'javax.inject.Inject' annotation found and supported for autowiring
    [INFO] [2018-04-11 18:16:50][org.springframework.web.context.ContextLoader]Root WebApplicationContext: initialization completed in 1314 ms
    [INFO] [2018-04-11 18:16:50][org.springframework.web.servlet.DispatcherServlet]FrameworkServlet 'SpringMVC': initialization started
    [INFO] [2018-04-11 18:16:50][org.springframework.web.context.support.XmlWebApplicationContext]Refreshing WebApplicationContext for namespace 'SpringMVC-servlet': startup date [Wed Apr 11 18:16:50 CST 2018]; parent: Root WebApplicationContext
    [INFO] [2018-04-11 18:16:50][org.springframework.beans.factory.xml.XmlBeanDefinitionReader]Loading XML bean definitions from class path resource [springmvc/spring-mvc.xml]
    [INFO] [2018-04-11 18:16:50][org.springframework.beans.factory.annotation.AutowiredAnnotationBeanPostProcessor]JSR-330 'javax.inject.Inject' annotation found and supported for autowiring
    [INFO] [2018-04-11 18:16:50][org.springframework.web.servlet.mvc.method.annotation.RequestMappingHandlerMapping]Mapped "{[/cart],methods=[GET],params=[],headers=[],consumes=[],produces=[],custom=[]}" onto public java.lang.String com.B509.JKGLPT.controller.CartController.getCartInfo(javax.servlet.http.HttpSession,org.springframework.ui.Model)
    [INFO] [2018-04-11 18:16:50][org.springframework.web.servlet.mvc.method.annotation.RequestMappingHandlerMapping]Mapped "{[/cart],methods=[DELETE],params=[],headers=[],consumes=[],produces=[],custom=[]}" onto public void com.B509.JKGLPT.controller.CartController.deleteDrugsCart(java.lang.Integer,javax.servlet.http.HttpSession,javax.servlet.http.HttpServletResponse) throws java.io.IOException
    [INFO] [2018-04-11 18:16:50][org.springframework.web.servlet.mvc.method.annotation.RequestMappingHandlerMapping]Mapped "{[/categories/characteristic/{id}],methods=[GET],params=[],headers=[],consumes=[],produces=[],custom=[]}" onto public java.lang.String com.B509.JKGLPT.controller.CategoriesController.categoriesByCharacter(org.springframework.ui.Model,java.lang.String)
    [INFO] [2018-04-11 18:16:50][org.springframework.web.servlet.mvc.method.annotation.RequestMappingHandlerMapping]Mapped "{[/categories/classification/{id}],methods=[GET],params=[],headers=[],consumes=[],produces=[],custom=[]}" onto public java.lang.String com.B509.JKGLPT.controller.CategoriesController.categoriesByClassification(org.springframework.ui.Model,java.lang.String)
    [INFO] [2018-04-11 18:16:50][org.springframework.web.servlet.mvc.method.annotation.RequestMappingHandlerMapping]Mapped "{[/introduction],methods=[GET],params=[],headers=[],consumes=[],produces=[],custom=[]}" onto public java.lang.String com.B509.JKGLPT.controller.DetailedInformationController.introduction(org.springframework.ui.Model)
    [INFO] [2018-04-11 18:16:50][org.springframework.web.servlet.mvc.method.annotation.RequestMappingHandlerMapping]Mapped "{[/fontPageDisplay],methods=[GET],params=[],headers=[],consumes=[],produces=[],custom=[]}" onto public java.lang.String com.B509.JKGLPT.controller.HomePageDisplaysController.showCharacteristic(org.springframework.ui.Model)
    [INFO] [2018-04-11 18:16:50][org.springframework.web.servlet.mvc.method.annotation.RequestMappingHandlerMapping]Mapped "{[/orders],methods=[POST],params=[],headers=[],consumes=[],produces=[],custom=[]}" onto public java.lang.String com.B509.JKGLPT.controller.OrdersController.saveOrders(com.B509.JKGLPT.pojo.Orders[])
    [INFO] [2018-04-11 18:16:50][org.springframework.web.servlet.mvc.method.annotation.RequestMappingHandlerMapping]Mapped "{[/page/{pageName}],methods=[GET],params=[],headers=[],consumes=[],produces=[],custom=[]}" onto public java.lang.String com.B509.JKGLPT.controller.PageController.toPage(java.lang.String)
    [INFO] [2018-04-11 18:16:50][org.springframework.web.servlet.mvc.method.annotation.RequestMappingHandlerMapping]Mapped "{[/newUpdate],methods=[],params=[],headers=[],consumes=[],produces=[],custom=[]}" onto public java.lang.String com.B509.JKGLPT.controller.UpdateDrugsController.newUpdate()
    [INFO] [2018-04-11 18:16:50][org.springframework.web.servlet.mvc.method.annotation.RequestMappingHandlerMapping]Mapped "{[/updateDrugs],methods=[POST],params=[],headers=[],consumes=[],produces=[],custom=[]}" onto public java.lang.String com.B509.JKGLPT.controller.UpdateDrugsController.updateDrugs(java.lang.String,org.springframework.web.multipart.commons.CommonsMultipartFile,java.lang.Double,java.lang.Integer,java.lang.String,java.lang.String,javax.servlet.http.HttpServletRequest,java.lang.String)
    [INFO] [2018-04-11 18:16:50][org.springframework.web.servlet.mvc.method.annotation.RequestMappingHandlerMapping]Mapped "{[/user/register],methods=[POST],params=[],headers=[],consumes=[],produces=[],custom=[]}" onto public java.lang.String com.B509.JKGLPT.controller.UserController.register(com.B509.JKGLPT.pojo.User) throws java.lang.Exception
    [INFO] [2018-04-11 18:16:50][org.springframework.web.servlet.mvc.method.annotation.RequestMappingHandlerMapping]Mapped "{[/user/update],methods=[PUT],params=[],headers=[],consumes=[],produces=[],custom=[]}" onto public java.lang.String com.B509.JKGLPT.controller.UserController.update(com.B509.JKGLPT.pojo.User,javax.servlet.http.HttpSession)
    [INFO] [2018-04-11 18:16:50][org.springframework.web.servlet.mvc.method.annotation.RequestMappingHandlerMapping]Mapped "{[/user/login],methods=[POST],params=[],headers=[],consumes=[],produces=[],custom=[]}" onto public java.lang.String com.B509.JKGLPT.controller.UserController.login(com.B509.JKGLPT.pojo.User,javax.servlet.http.HttpSession,org.springframework.ui.Model)
    [INFO] [2018-04-11 18:16:50][org.springframework.web.servlet.handler.SimpleUrlHandlerMapping]Mapped URL path [/**] onto handler 'org.springframework.web.servlet.resource.DefaultServletHttpRequestHandler#0'
    [INFO] [2018-04-11 18:16:51][org.springframework.web.servlet.DispatcherServlet]FrameworkServlet 'SpringMVC': initialization completed in 719 ms
    